<?xml version="1.0" encoding="UTF-8"?>
<!-- Generated by org.testng.reporters.JUnitReportReporter -->
<testsuite hostname="5CG1377PDZ" failures="0" tests="2" name="runner.TestRunner" time="81.269" errors="0" timestamp="2024-10-17T21:58:27 IST" skipped="0">
  <testcase classname="runner.TestRunner" name="verify_netmeds_opens_in_Browser" time="6.634"/>
  <testcase classname="runner.TestRunner" name="Medicine_Module" time="74.635"/>
</testsuite> <!-- runner.TestRunner -->
